<?xml version="1.0" encoding="UTF-8"?>
<testsuite xmlns:xsi="http://www.w3.org/2001/XMLSchema-instance" xsi:noNamespaceSchemaLocation="https://maven.apache.org/surefire/maven-surefire-plugin/xsd/surefire-test-report-3.0.xsd" version="3.0" name="dev.codex.cinestar.ModularityTests" time="1.626" tests="1" errors="1" skipped="0" failures="0">
  <properties>
    <property name="java.specification.version" value="21"/>
    <property name="sun.jnu.encoding" value="UTF-8"/>
    <property name="java.class.path" value="/mnt/eb2f1159-9c91-4b6c-be64-cf3b468945ff/codes/java/spring-boot/CineStar_SpringBoot/target/test-classes:/mnt/eb2f1159-9c91-4b6c-be64-cf3b468945ff/codes/java/spring-boot/CineStar_SpringBoot/target/classes:/home/geek/.m2/repository/org/springframework/boot/spring-boot-starter-data-jpa/3.3.1/spring-boot-starter-data-jpa-3.3.1.jar:/home/geek/.m2/repository/org/springframework/boot/spring-boot-starter-aop/3.3.1/spring-boot-starter-aop-3.3.1.jar:/home/geek/.m2/repository/org/springframework/spring-aop/6.1.10/spring-aop-6.1.10.jar:/home/geek/.m2/repository/org/aspectj/aspectjweaver/1.9.22/aspectjweaver-1.9.22.jar:/home/geek/.m2/repository/org/springframework/boot/spring-boot-starter-jdbc/3.3.1/spring-boot-starter-jdbc-3.3.1.jar:/home/geek/.m2/repository/com/zaxxer/HikariCP/5.1.0/HikariCP-5.1.0.jar:/home/geek/.m2/repository/org/springframework/spring-jdbc/6.1.10/spring-jdbc-6.1.10.jar:/home/geek/.m2/repository/org/hibernate/orm/hibernate-core/6.5.2.Final/hibernate-core-6.5.2.Final.jar:/home/geek/.m2/repository/jakarta/persistence/jakarta.persistence-api/3.1.0/jakarta.persistence-api-3.1.0.jar:/home/geek/.m2/repository/jakarta/transaction/jakarta.transaction-api/2.0.1/jakarta.transaction-api-2.0.1.jar:/home/geek/.m2/repository/org/jboss/logging/jboss-logging/3.5.3.Final/jboss-logging-3.5.3.Final.jar:/home/geek/.m2/repository/org/hibernate/common/hibernate-commons-annotations/6.0.6.Final/hibernate-commons-annotations-6.0.6.Final.jar:/home/geek/.m2/repository/io/smallrye/jandex/3.1.2/jandex-3.1.2.jar:/home/geek/.m2/repository/com/fasterxml/classmate/1.7.0/classmate-1.7.0.jar:/home/geek/.m2/repository/net/bytebuddy/byte-buddy/1.14.17/byte-buddy-1.14.17.jar:/home/geek/.m2/repository/org/glassfish/jaxb/jaxb-runtime/4.0.5/jaxb-runtime-4.0.5.jar:/home/geek/.m2/repository/org/glassfish/jaxb/jaxb-core/4.0.5/jaxb-core-4.0.5.jar:/home/geek/.m2/repository/org/eclipse/angus/angus-activation/2.0.2/angus-activation-2.0.2.jar:/home/geek/.m2/repository/org/glassfish/jaxb/txw2/4.0.5/txw2-4.0.5.jar:/home/geek/.m2/repository/com/sun/istack/istack-commons-runtime/4.1.2/istack-commons-runtime-4.1.2.jar:/home/geek/.m2/repository/jakarta/inject/jakarta.inject-api/2.0.1/jakarta.inject-api-2.0.1.jar:/home/geek/.m2/repository/org/antlr/antlr4-runtime/4.13.0/antlr4-runtime-4.13.0.jar:/home/geek/.m2/repository/org/springframework/data/spring-data-jpa/3.3.1/spring-data-jpa-3.3.1.jar:/home/geek/.m2/repository/org/springframework/data/spring-data-commons/3.3.1/spring-data-commons-3.3.1.jar:/home/geek/.m2/repository/org/springframework/spring-orm/6.1.10/spring-orm-6.1.10.jar:/home/geek/.m2/repository/org/springframework/spring-context/6.1.10/spring-context-6.1.10.jar:/home/geek/.m2/repository/org/springframework/spring-tx/6.1.10/spring-tx-6.1.10.jar:/home/geek/.m2/repository/org/springframework/spring-beans/6.1.10/spring-beans-6.1.10.jar:/home/geek/.m2/repository/jakarta/annotation/jakarta.annotation-api/2.1.1/jakarta.annotation-api-2.1.1.jar:/home/geek/.m2/repository/org/slf4j/slf4j-api/2.0.13/slf4j-api-2.0.13.jar:/home/geek/.m2/repository/org/springframework/spring-aspects/6.1.10/spring-aspects-6.1.10.jar:/home/geek/.m2/repository/org/springframework/boot/spring-boot-starter-web/3.3.1/spring-boot-starter-web-3.3.1.jar:/home/geek/.m2/repository/org/springframework/boot/spring-boot-starter/3.3.1/spring-boot-starter-3.3.1.jar:/home/geek/.m2/repository/org/springframework/boot/spring-boot-starter-logging/3.3.1/spring-boot-starter-logging-3.3.1.jar:/home/geek/.m2/repository/ch/qos/logback/logback-classic/1.5.6/logback-classic-1.5.6.jar:/home/geek/.m2/repository/ch/qos/logback/logback-core/1.5.6/logback-core-1.5.6.jar:/home/geek/.m2/repository/org/apache/logging/log4j/log4j-to-slf4j/2.23.1/log4j-to-slf4j-2.23.1.jar:/home/geek/.m2/repository/org/apache/logging/log4j/log4j-api/2.23.1/log4j-api-2.23.1.jar:/home/geek/.m2/repository/org/slf4j/jul-to-slf4j/2.0.13/jul-to-slf4j-2.0.13.jar:/home/geek/.m2/repository/org/yaml/snakeyaml/2.2/snakeyaml-2.2.jar:/home/geek/.m2/repository/org/springframework/boot/spring-boot-starter-json/3.3.1/spring-boot-starter-json-3.3.1.jar:/home/geek/.m2/repository/com/fasterxml/jackson/core/jackson-databind/2.17.1/jackson-databind-2.17.1.jar:/home/geek/.m2/repository/com/fasterxml/jackson/core/jackson-annotations/2.17.1/jackson-annotations-2.17.1.jar:/home/geek/.m2/repository/com/fasterxml/jackson/core/jackson-core/2.17.1/jackson-core-2.17.1.jar:/home/geek/.m2/repository/com/fasterxml/jackson/datatype/jackson-datatype-jdk8/2.17.1/jackson-datatype-jdk8-2.17.1.jar:/home/geek/.m2/repository/com/fasterxml/jackson/datatype/jackson-datatype-jsr310/2.17.1/jackson-datatype-jsr310-2.17.1.jar:/home/geek/.m2/repository/com/fasterxml/jackson/module/jackson-module-parameter-names/2.17.1/jackson-module-parameter-names-2.17.1.jar:/home/geek/.m2/repository/org/springframework/boot/spring-boot-starter-tomcat/3.3.1/spring-boot-starter-tomcat-3.3.1.jar:/home/geek/.m2/repository/org/apache/tomcat/embed/tomcat-embed-core/10.1.25/tomcat-embed-core-10.1.25.jar:/home/geek/.m2/repository/org/apache/tomcat/embed/tomcat-embed-websocket/10.1.25/tomcat-embed-websocket-10.1.25.jar:/home/geek/.m2/repository/org/springframework/spring-web/6.1.10/spring-web-6.1.10.jar:/home/geek/.m2/repository/io/micrometer/micrometer-observation/1.13.1/micrometer-observation-1.13.1.jar:/home/geek/.m2/repository/io/micrometer/micrometer-commons/1.13.1/micrometer-commons-1.13.1.jar:/home/geek/.m2/repository/org/springframework/spring-webmvc/6.1.10/spring-webmvc-6.1.10.jar:/home/geek/.m2/repository/org/springframework/spring-expression/6.1.10/spring-expression-6.1.10.jar:/home/geek/.m2/repository/org/springframework/modulith/spring-modulith-starter-core/1.2.1/spring-modulith-starter-core-1.2.1.jar:/home/geek/.m2/repository/org/springframework/modulith/spring-modulith-api/1.2.1/spring-modulith-api-1.2.1.jar:/home/geek/.m2/repository/org/springframework/modulith/spring-modulith-core/1.2.1/spring-modulith-core-1.2.1.jar:/home/geek/.m2/repository/com/tngtech/archunit/archunit/1.3.0/archunit-1.3.0.jar:/home/geek/.m2/repository/org/springframework/modulith/spring-modulith-moments/1.2.1/spring-modulith-moments-1.2.1.jar:/home/geek/.m2/repository/org/jmolecules/jmolecules-events/1.9.0/jmolecules-events-1.9.0.jar:/home/geek/.m2/repository/org/springframework/modulith/spring-modulith-starter-jpa/1.2.1/spring-modulith-starter-jpa-1.2.1.jar:/home/geek/.m2/repository/org/springframework/modulith/spring-modulith-events-api/1.2.1/spring-modulith-events-api-1.2.1.jar:/home/geek/.m2/repository/org/springframework/modulith/spring-modulith-events-core/1.2.1/spring-modulith-events-core-1.2.1.jar:/home/geek/.m2/repository/org/slf4j/jcl-over-slf4j/2.0.13/jcl-over-slf4j-2.0.13.jar:/home/geek/.m2/repository/org/springframework/modulith/spring-modulith-events-jackson/1.2.1/spring-modulith-events-jackson-1.2.1.jar:/home/geek/.m2/repository/org/springframework/modulith/spring-modulith-events-jpa/1.2.1/spring-modulith-events-jpa-1.2.1.jar:/home/geek/.m2/repository/org/springframework/boot/spring-boot-starter-validation/3.3.1/spring-boot-starter-validation-3.3.1.jar:/home/geek/.m2/repository/org/apache/tomcat/embed/tomcat-embed-el/10.1.25/tomcat-embed-el-10.1.25.jar:/home/geek/.m2/repository/org/hibernate/validator/hibernate-validator/8.0.1.Final/hibernate-validator-8.0.1.Final.jar:/home/geek/.m2/repository/jakarta/validation/jakarta.validation-api/3.0.2/jakarta.validation-api-3.0.2.jar:/home/geek/.m2/repository/org/modelmapper/modelmapper/3.2.1/modelmapper-3.2.1.jar:/home/geek/.m2/repository/org/modelmapper/modelmapper-module-record/1.0.0/modelmapper-module-record-1.0.0.jar:/home/geek/.m2/repository/org/projectlombok/lombok/1.18.32/lombok-1.18.32.jar:/home/geek/.m2/repository/org/springframework/boot/spring-boot-devtools/3.3.1/spring-boot-devtools-3.3.1.jar:/home/geek/.m2/repository/org/springframework/boot/spring-boot/3.3.1/spring-boot-3.3.1.jar:/home/geek/.m2/repository/org/springframework/boot/spring-boot-autoconfigure/3.3.1/spring-boot-autoconfigure-3.3.1.jar:/home/geek/.m2/repository/org/postgresql/postgresql/42.7.3/postgresql-42.7.3.jar:/home/geek/.m2/repository/org/checkerframework/checker-qual/3.42.0/checker-qual-3.42.0.jar:/home/geek/.m2/repository/org/springframework/boot/spring-boot-starter-test/3.3.1/spring-boot-starter-test-3.3.1.jar:/home/geek/.m2/repository/org/springframework/boot/spring-boot-test/3.3.1/spring-boot-test-3.3.1.jar:/home/geek/.m2/repository/org/springframework/boot/spring-boot-test-autoconfigure/3.3.1/spring-boot-test-autoconfigure-3.3.1.jar:/home/geek/.m2/repository/com/jayway/jsonpath/json-path/2.9.0/json-path-2.9.0.jar:/home/geek/.m2/repository/jakarta/xml/bind/jakarta.xml.bind-api/4.0.2/jakarta.xml.bind-api-4.0.2.jar:/home/geek/.m2/repository/jakarta/activation/jakarta.activation-api/2.1.3/jakarta.activation-api-2.1.3.jar:/home/geek/.m2/repository/net/minidev/json-smart/2.5.1/json-smart-2.5.1.jar:/home/geek/.m2/repository/net/minidev/accessors-smart/2.5.1/accessors-smart-2.5.1.jar:/home/geek/.m2/repository/org/ow2/asm/asm/9.6/asm-9.6.jar:/home/geek/.m2/repository/org/assertj/assertj-core/3.25.3/assertj-core-3.25.3.jar:/home/geek/.m2/repository/org/awaitility/awaitility/4.2.1/awaitility-4.2.1.jar:/home/geek/.m2/repository/org/hamcrest/hamcrest/2.2/hamcrest-2.2.jar:/home/geek/.m2/repository/org/junit/jupiter/junit-jupiter/5.10.2/junit-jupiter-5.10.2.jar:/home/geek/.m2/repository/org/junit/jupiter/junit-jupiter-api/5.10.2/junit-jupiter-api-5.10.2.jar:/home/geek/.m2/repository/org/junit/jupiter/junit-jupiter-params/5.10.2/junit-jupiter-params-5.10.2.jar:/home/geek/.m2/repository/org/junit/jupiter/junit-jupiter-engine/5.10.2/junit-jupiter-engine-5.10.2.jar:/home/geek/.m2/repository/org/mockito/mockito-core/5.11.0/mockito-core-5.11.0.jar:/home/geek/.m2/repository/net/bytebuddy/byte-buddy-agent/1.14.17/byte-buddy-agent-1.14.17.jar:/home/geek/.m2/repository/org/objenesis/objenesis/3.3/objenesis-3.3.jar:/home/geek/.m2/repository/org/mockito/mockito-junit-jupiter/5.11.0/mockito-junit-jupiter-5.11.0.jar:/home/geek/.m2/repository/org/skyscreamer/jsonassert/1.5.1/jsonassert-1.5.1.jar:/home/geek/.m2/repository/com/vaadin/external/google/android-json/0.0.20131108.vaadin1/android-json-0.0.20131108.vaadin1.jar:/home/geek/.m2/repository/org/springframework/spring-core/6.1.10/spring-core-6.1.10.jar:/home/geek/.m2/repository/org/springframework/spring-jcl/6.1.10/spring-jcl-6.1.10.jar:/home/geek/.m2/repository/org/springframework/spring-test/6.1.10/spring-test-6.1.10.jar:/home/geek/.m2/repository/org/xmlunit/xmlunit-core/2.9.1/xmlunit-core-2.9.1.jar:/home/geek/.m2/repository/org/springframework/modulith/spring-modulith-starter-test/1.2.1/spring-modulith-starter-test-1.2.1.jar:/home/geek/.m2/repository/org/springframework/modulith/spring-modulith-test/1.2.1/spring-modulith-test-1.2.1.jar:/home/geek/.m2/repository/org/springframework/modulith/spring-modulith-docs/1.2.1/spring-modulith-docs-1.2.1.jar:/home/geek/.m2/repository/com/structurizr/structurizr-core/1.29.0/structurizr-core-1.29.0.jar:/home/geek/.m2/repository/com/google/code/findbugs/jsr305/3.0.2/jsr305-3.0.2.jar:/home/geek/.m2/repository/commons-logging/commons-logging/1.2/commons-logging-1.2.jar:/home/geek/.m2/repository/com/structurizr/structurizr-export/1.19.0/structurizr-export-1.19.0.jar:/home/geek/.m2/repository/com/h2database/h2/1.3.148/h2-1.3.148.jar:/home/geek/.m2/repository/org/junit/platform/junit-platform-launcher/1.10.2/junit-platform-launcher-1.10.2.jar:/home/geek/.m2/repository/org/junit/platform/junit-platform-engine/1.10.2/junit-platform-engine-1.10.2.jar:/home/geek/.m2/repository/org/opentest4j/opentest4j/1.3.0/opentest4j-1.3.0.jar:/home/geek/.m2/repository/org/junit/platform/junit-platform-commons/1.10.2/junit-platform-commons-1.10.2.jar:/home/geek/.m2/repository/org/apiguardian/apiguardian-api/1.1.2/apiguardian-api-1.1.2.jar:"/>
    <property name="java.vm.vendor" value="Ubuntu"/>
    <property name="sun.arch.data.model" value="64"/>
    <property name="java.vendor.url" value="https://ubuntu.com/"/>
    <property name="user.timezone" value="Africa/Casablanca"/>
    <property name="os.name" value="Linux"/>
    <property name="java.vm.specification.version" value="21"/>
    <property name="sun.java.launcher" value="SUN_STANDARD"/>
    <property name="user.country" value="US"/>
    <property name="sun.boot.library.path" value="/usr/lib/jvm/java-21-openjdk-amd64/lib"/>
    <property name="sun.java.command" value="/mnt/eb2f1159-9c91-4b6c-be64-cf3b468945ff/codes/java/spring-boot/CineStar_SpringBoot/target/surefire/surefirebooter-20240804184604328_3.jar /mnt/eb2f1159-9c91-4b6c-be64-cf3b468945ff/codes/java/spring-boot/CineStar_SpringBoot/target/surefire 2024-08-04T18-46-04_265-jvmRun1 surefire-20240804184604328_1tmp surefire_0-20240804184604328_2tmp"/>
    <property name="jdk.debug" value="release"/>
    <property name="surefire.test.class.path" value="/mnt/eb2f1159-9c91-4b6c-be64-cf3b468945ff/codes/java/spring-boot/CineStar_SpringBoot/target/test-classes:/mnt/eb2f1159-9c91-4b6c-be64-cf3b468945ff/codes/java/spring-boot/CineStar_SpringBoot/target/classes:/home/geek/.m2/repository/org/springframework/boot/spring-boot-starter-data-jpa/3.3.1/spring-boot-starter-data-jpa-3.3.1.jar:/home/geek/.m2/repository/org/springframework/boot/spring-boot-starter-aop/3.3.1/spring-boot-starter-aop-3.3.1.jar:/home/geek/.m2/repository/org/springframework/spring-aop/6.1.10/spring-aop-6.1.10.jar:/home/geek/.m2/repository/org/aspectj/aspectjweaver/1.9.22/aspectjweaver-1.9.22.jar:/home/geek/.m2/repository/org/springframework/boot/spring-boot-starter-jdbc/3.3.1/spring-boot-starter-jdbc-3.3.1.jar:/home/geek/.m2/repository/com/zaxxer/HikariCP/5.1.0/HikariCP-5.1.0.jar:/home/geek/.m2/repository/org/springframework/spring-jdbc/6.1.10/spring-jdbc-6.1.10.jar:/home/geek/.m2/repository/org/hibernate/orm/hibernate-core/6.5.2.Final/hibernate-core-6.5.2.Final.jar:/home/geek/.m2/repository/jakarta/persistence/jakarta.persistence-api/3.1.0/jakarta.persistence-api-3.1.0.jar:/home/geek/.m2/repository/jakarta/transaction/jakarta.transaction-api/2.0.1/jakarta.transaction-api-2.0.1.jar:/home/geek/.m2/repository/org/jboss/logging/jboss-logging/3.5.3.Final/jboss-logging-3.5.3.Final.jar:/home/geek/.m2/repository/org/hibernate/common/hibernate-commons-annotations/6.0.6.Final/hibernate-commons-annotations-6.0.6.Final.jar:/home/geek/.m2/repository/io/smallrye/jandex/3.1.2/jandex-3.1.2.jar:/home/geek/.m2/repository/com/fasterxml/classmate/1.7.0/classmate-1.7.0.jar:/home/geek/.m2/repository/net/bytebuddy/byte-buddy/1.14.17/byte-buddy-1.14.17.jar:/home/geek/.m2/repository/org/glassfish/jaxb/jaxb-runtime/4.0.5/jaxb-runtime-4.0.5.jar:/home/geek/.m2/repository/org/glassfish/jaxb/jaxb-core/4.0.5/jaxb-core-4.0.5.jar:/home/geek/.m2/repository/org/eclipse/angus/angus-activation/2.0.2/angus-activation-2.0.2.jar:/home/geek/.m2/repository/org/glassfish/jaxb/txw2/4.0.5/txw2-4.0.5.jar:/home/geek/.m2/repository/com/sun/istack/istack-commons-runtime/4.1.2/istack-commons-runtime-4.1.2.jar:/home/geek/.m2/repository/jakarta/inject/jakarta.inject-api/2.0.1/jakarta.inject-api-2.0.1.jar:/home/geek/.m2/repository/org/antlr/antlr4-runtime/4.13.0/antlr4-runtime-4.13.0.jar:/home/geek/.m2/repository/org/springframework/data/spring-data-jpa/3.3.1/spring-data-jpa-3.3.1.jar:/home/geek/.m2/repository/org/springframework/data/spring-data-commons/3.3.1/spring-data-commons-3.3.1.jar:/home/geek/.m2/repository/org/springframework/spring-orm/6.1.10/spring-orm-6.1.10.jar:/home/geek/.m2/repository/org/springframework/spring-context/6.1.10/spring-context-6.1.10.jar:/home/geek/.m2/repository/org/springframework/spring-tx/6.1.10/spring-tx-6.1.10.jar:/home/geek/.m2/repository/org/springframework/spring-beans/6.1.10/spring-beans-6.1.10.jar:/home/geek/.m2/repository/jakarta/annotation/jakarta.annotation-api/2.1.1/jakarta.annotation-api-2.1.1.jar:/home/geek/.m2/repository/org/slf4j/slf4j-api/2.0.13/slf4j-api-2.0.13.jar:/home/geek/.m2/repository/org/springframework/spring-aspects/6.1.10/spring-aspects-6.1.10.jar:/home/geek/.m2/repository/org/springframework/boot/spring-boot-starter-web/3.3.1/spring-boot-starter-web-3.3.1.jar:/home/geek/.m2/repository/org/springframework/boot/spring-boot-starter/3.3.1/spring-boot-starter-3.3.1.jar:/home/geek/.m2/repository/org/springframework/boot/spring-boot-starter-logging/3.3.1/spring-boot-starter-logging-3.3.1.jar:/home/geek/.m2/repository/ch/qos/logback/logback-classic/1.5.6/logback-classic-1.5.6.jar:/home/geek/.m2/repository/ch/qos/logback/logback-core/1.5.6/logback-core-1.5.6.jar:/home/geek/.m2/repository/org/apache/logging/log4j/log4j-to-slf4j/2.23.1/log4j-to-slf4j-2.23.1.jar:/home/geek/.m2/repository/org/apache/logging/log4j/log4j-api/2.23.1/log4j-api-2.23.1.jar:/home/geek/.m2/repository/org/slf4j/jul-to-slf4j/2.0.13/jul-to-slf4j-2.0.13.jar:/home/geek/.m2/repository/org/yaml/snakeyaml/2.2/snakeyaml-2.2.jar:/home/geek/.m2/repository/org/springframework/boot/spring-boot-starter-json/3.3.1/spring-boot-starter-json-3.3.1.jar:/home/geek/.m2/repository/com/fasterxml/jackson/core/jackson-databind/2.17.1/jackson-databind-2.17.1.jar:/home/geek/.m2/repository/com/fasterxml/jackson/core/jackson-annotations/2.17.1/jackson-annotations-2.17.1.jar:/home/geek/.m2/repository/com/fasterxml/jackson/core/jackson-core/2.17.1/jackson-core-2.17.1.jar:/home/geek/.m2/repository/com/fasterxml/jackson/datatype/jackson-datatype-jdk8/2.17.1/jackson-datatype-jdk8-2.17.1.jar:/home/geek/.m2/repository/com/fasterxml/jackson/datatype/jackson-datatype-jsr310/2.17.1/jackson-datatype-jsr310-2.17.1.jar:/home/geek/.m2/repository/com/fasterxml/jackson/module/jackson-module-parameter-names/2.17.1/jackson-module-parameter-names-2.17.1.jar:/home/geek/.m2/repository/org/springframework/boot/spring-boot-starter-tomcat/3.3.1/spring-boot-starter-tomcat-3.3.1.jar:/home/geek/.m2/repository/org/apache/tomcat/embed/tomcat-embed-core/10.1.25/tomcat-embed-core-10.1.25.jar:/home/geek/.m2/repository/org/apache/tomcat/embed/tomcat-embed-websocket/10.1.25/tomcat-embed-websocket-10.1.25.jar:/home/geek/.m2/repository/org/springframework/spring-web/6.1.10/spring-web-6.1.10.jar:/home/geek/.m2/repository/io/micrometer/micrometer-observation/1.13.1/micrometer-observation-1.13.1.jar:/home/geek/.m2/repository/io/micrometer/micrometer-commons/1.13.1/micrometer-commons-1.13.1.jar:/home/geek/.m2/repository/org/springframework/spring-webmvc/6.1.10/spring-webmvc-6.1.10.jar:/home/geek/.m2/repository/org/springframework/spring-expression/6.1.10/spring-expression-6.1.10.jar:/home/geek/.m2/repository/org/springframework/modulith/spring-modulith-starter-core/1.2.1/spring-modulith-starter-core-1.2.1.jar:/home/geek/.m2/repository/org/springframework/modulith/spring-modulith-api/1.2.1/spring-modulith-api-1.2.1.jar:/home/geek/.m2/repository/org/springframework/modulith/spring-modulith-core/1.2.1/spring-modulith-core-1.2.1.jar:/home/geek/.m2/repository/com/tngtech/archunit/archunit/1.3.0/archunit-1.3.0.jar:/home/geek/.m2/repository/org/springframework/modulith/spring-modulith-moments/1.2.1/spring-modulith-moments-1.2.1.jar:/home/geek/.m2/repository/org/jmolecules/jmolecules-events/1.9.0/jmolecules-events-1.9.0.jar:/home/geek/.m2/repository/org/springframework/modulith/spring-modulith-starter-jpa/1.2.1/spring-modulith-starter-jpa-1.2.1.jar:/home/geek/.m2/repository/org/springframework/modulith/spring-modulith-events-api/1.2.1/spring-modulith-events-api-1.2.1.jar:/home/geek/.m2/repository/org/springframework/modulith/spring-modulith-events-core/1.2.1/spring-modulith-events-core-1.2.1.jar:/home/geek/.m2/repository/org/slf4j/jcl-over-slf4j/2.0.13/jcl-over-slf4j-2.0.13.jar:/home/geek/.m2/repository/org/springframework/modulith/spring-modulith-events-jackson/1.2.1/spring-modulith-events-jackson-1.2.1.jar:/home/geek/.m2/repository/org/springframework/modulith/spring-modulith-events-jpa/1.2.1/spring-modulith-events-jpa-1.2.1.jar:/home/geek/.m2/repository/org/springframework/boot/spring-boot-starter-validation/3.3.1/spring-boot-starter-validation-3.3.1.jar:/home/geek/.m2/repository/org/apache/tomcat/embed/tomcat-embed-el/10.1.25/tomcat-embed-el-10.1.25.jar:/home/geek/.m2/repository/org/hibernate/validator/hibernate-validator/8.0.1.Final/hibernate-validator-8.0.1.Final.jar:/home/geek/.m2/repository/jakarta/validation/jakarta.validation-api/3.0.2/jakarta.validation-api-3.0.2.jar:/home/geek/.m2/repository/org/modelmapper/modelmapper/3.2.1/modelmapper-3.2.1.jar:/home/geek/.m2/repository/org/modelmapper/modelmapper-module-record/1.0.0/modelmapper-module-record-1.0.0.jar:/home/geek/.m2/repository/org/projectlombok/lombok/1.18.32/lombok-1.18.32.jar:/home/geek/.m2/repository/org/springframework/boot/spring-boot-devtools/3.3.1/spring-boot-devtools-3.3.1.jar:/home/geek/.m2/repository/org/springframework/boot/spring-boot/3.3.1/spring-boot-3.3.1.jar:/home/geek/.m2/repository/org/springframework/boot/spring-boot-autoconfigure/3.3.1/spring-boot-autoconfigure-3.3.1.jar:/home/geek/.m2/repository/org/postgresql/postgresql/42.7.3/postgresql-42.7.3.jar:/home/geek/.m2/repository/org/checkerframework/checker-qual/3.42.0/checker-qual-3.42.0.jar:/home/geek/.m2/repository/org/springframework/boot/spring-boot-starter-test/3.3.1/spring-boot-starter-test-3.3.1.jar:/home/geek/.m2/repository/org/springframework/boot/spring-boot-test/3.3.1/spring-boot-test-3.3.1.jar:/home/geek/.m2/repository/org/springframework/boot/spring-boot-test-autoconfigure/3.3.1/spring-boot-test-autoconfigure-3.3.1.jar:/home/geek/.m2/repository/com/jayway/jsonpath/json-path/2.9.0/json-path-2.9.0.jar:/home/geek/.m2/repository/jakarta/xml/bind/jakarta.xml.bind-api/4.0.2/jakarta.xml.bind-api-4.0.2.jar:/home/geek/.m2/repository/jakarta/activation/jakarta.activation-api/2.1.3/jakarta.activation-api-2.1.3.jar:/home/geek/.m2/repository/net/minidev/json-smart/2.5.1/json-smart-2.5.1.jar:/home/geek/.m2/repository/net/minidev/accessors-smart/2.5.1/accessors-smart-2.5.1.jar:/home/geek/.m2/repository/org/ow2/asm/asm/9.6/asm-9.6.jar:/home/geek/.m2/repository/org/assertj/assertj-core/3.25.3/assertj-core-3.25.3.jar:/home/geek/.m2/repository/org/awaitility/awaitility/4.2.1/awaitility-4.2.1.jar:/home/geek/.m2/repository/org/hamcrest/hamcrest/2.2/hamcrest-2.2.jar:/home/geek/.m2/repository/org/junit/jupiter/junit-jupiter/5.10.2/junit-jupiter-5.10.2.jar:/home/geek/.m2/repository/org/junit/jupiter/junit-jupiter-api/5.10.2/junit-jupiter-api-5.10.2.jar:/home/geek/.m2/repository/org/junit/jupiter/junit-jupiter-params/5.10.2/junit-jupiter-params-5.10.2.jar:/home/geek/.m2/repository/org/junit/jupiter/junit-jupiter-engine/5.10.2/junit-jupiter-engine-5.10.2.jar:/home/geek/.m2/repository/org/mockito/mockito-core/5.11.0/mockito-core-5.11.0.jar:/home/geek/.m2/repository/net/bytebuddy/byte-buddy-agent/1.14.17/byte-buddy-agent-1.14.17.jar:/home/geek/.m2/repository/org/objenesis/objenesis/3.3/objenesis-3.3.jar:/home/geek/.m2/repository/org/mockito/mockito-junit-jupiter/5.11.0/mockito-junit-jupiter-5.11.0.jar:/home/geek/.m2/repository/org/skyscreamer/jsonassert/1.5.1/jsonassert-1.5.1.jar:/home/geek/.m2/repository/com/vaadin/external/google/android-json/0.0.20131108.vaadin1/android-json-0.0.20131108.vaadin1.jar:/home/geek/.m2/repository/org/springframework/spring-core/6.1.10/spring-core-6.1.10.jar:/home/geek/.m2/repository/org/springframework/spring-jcl/6.1.10/spring-jcl-6.1.10.jar:/home/geek/.m2/repository/org/springframework/spring-test/6.1.10/spring-test-6.1.10.jar:/home/geek/.m2/repository/org/xmlunit/xmlunit-core/2.9.1/xmlunit-core-2.9.1.jar:/home/geek/.m2/repository/org/springframework/modulith/spring-modulith-starter-test/1.2.1/spring-modulith-starter-test-1.2.1.jar:/home/geek/.m2/repository/org/springframework/modulith/spring-modulith-test/1.2.1/spring-modulith-test-1.2.1.jar:/home/geek/.m2/repository/org/springframework/modulith/spring-modulith-docs/1.2.1/spring-modulith-docs-1.2.1.jar:/home/geek/.m2/repository/com/structurizr/structurizr-core/1.29.0/structurizr-core-1.29.0.jar:/home/geek/.m2/repository/com/google/code/findbugs/jsr305/3.0.2/jsr305-3.0.2.jar:/home/geek/.m2/repository/commons-logging/commons-logging/1.2/commons-logging-1.2.jar:/home/geek/.m2/repository/com/structurizr/structurizr-export/1.19.0/structurizr-export-1.19.0.jar:/home/geek/.m2/repository/com/h2database/h2/1.3.148/h2-1.3.148.jar:/home/geek/.m2/repository/org/junit/platform/junit-platform-launcher/1.10.2/junit-platform-launcher-1.10.2.jar:/home/geek/.m2/repository/org/junit/platform/junit-platform-engine/1.10.2/junit-platform-engine-1.10.2.jar:/home/geek/.m2/repository/org/opentest4j/opentest4j/1.3.0/opentest4j-1.3.0.jar:/home/geek/.m2/repository/org/junit/platform/junit-platform-commons/1.10.2/junit-platform-commons-1.10.2.jar:/home/geek/.m2/repository/org/apiguardian/apiguardian-api/1.1.2/apiguardian-api-1.1.2.jar:"/>
    <property name="sun.cpu.endian" value="little"/>
    <property name="user.home" value="/home/geek"/>
    <property name="user.language" value="en"/>
    <property name="java.specification.vendor" value="Oracle Corporation"/>
    <property name="java.version.date" value="2024-04-16"/>
    <property name="java.home" value="/usr/lib/jvm/java-21-openjdk-amd64"/>
    <property name="file.separator" value="/"/>
    <property name="basedir" value="/mnt/eb2f1159-9c91-4b6c-be64-cf3b468945ff/codes/java/spring-boot/CineStar_SpringBoot"/>
    <property name="java.vm.compressedOopsMode" value="32-bit"/>
    <property name="line.separator" value="&#10;"/>
    <property name="java.specification.name" value="Java Platform API Specification"/>
    <property name="java.vm.specification.vendor" value="Oracle Corporation"/>
    <property name="surefire.real.class.path" value="/mnt/eb2f1159-9c91-4b6c-be64-cf3b468945ff/codes/java/spring-boot/CineStar_SpringBoot/target/surefire/surefirebooter-20240804184604328_3.jar"/>
    <property name="sun.management.compiler" value="HotSpot 64-Bit Tiered Compilers"/>
    <property name="java.runtime.version" value="21.0.3+9-Ubuntu-1ubuntu123.10.1"/>
    <property name="user.name" value="geek"/>
    <property name="stdout.encoding" value="UTF-8"/>
    <property name="path.separator" value=":"/>
    <property name="os.version" value="6.5.0-44-generic"/>
    <property name="java.runtime.name" value="OpenJDK Runtime Environment"/>
    <property name="file.encoding" value="UTF-8"/>
    <property name="java.vm.name" value="OpenJDK 64-Bit Server VM"/>
    <property name="localRepository" value="/home/geek/.m2/repository"/>
    <property name="java.vendor.url.bug" value="https://bugs.launchpad.net/ubuntu/+source/openjdk-21"/>
    <property name="java.io.tmpdir" value="/tmp"/>
    <property name="java.version" value="21.0.3"/>
    <property name="user.dir" value="/mnt/eb2f1159-9c91-4b6c-be64-cf3b468945ff/codes/java/spring-boot/CineStar_SpringBoot"/>
    <property name="os.arch" value="amd64"/>
    <property name="java.vm.specification.name" value="Java Virtual Machine Specification"/>
    <property name="native.encoding" value="UTF-8"/>
    <property name="java.library.path" value="/usr/java/packages/lib:/usr/lib/x86_64-linux-gnu/jni:/lib/x86_64-linux-gnu:/usr/lib/x86_64-linux-gnu:/usr/lib/jni:/lib:/usr/lib"/>
    <property name="java.vm.info" value="mixed mode, sharing"/>
    <property name="stderr.encoding" value="UTF-8"/>
    <property name="java.vendor" value="Ubuntu"/>
    <property name="java.vm.version" value="21.0.3+9-Ubuntu-1ubuntu123.10.1"/>
    <property name="sun.io.unicode.encoding" value="UnicodeLittle"/>
    <property name="java.class.version" value="65.0"/>
  </properties>
  <testcase name="modulesShouldBeDefined" classname="dev.codex.cinestar.ModularityTests" time="0.202">
    <error message="- Cycle detected: Slice Movie -&gt; &#10;                Slice Schedule -&gt; &#10;                Slice Movie&#10;  1. Dependencies of Slice Movie&#10;    - Field &lt;dev.codex.cinestar.Movie.Domain.Entities.Movie.schedules&gt; has generic type &lt;java.util.List&lt;dev.codex.cinestar.Schedule.Domain.Entities.Schedule&gt;&gt; with type argument depending on &lt;dev.codex.cinestar.Schedule.Domain.Entities.Schedule&gt; in (Movie.java:0)&#10;    - Method &lt;dev.codex.cinestar.Movie.Domain.Entities.Movie.getSchedules()&gt; has generic return type &lt;java.util.List&lt;dev.codex.cinestar.Schedule.Domain.Entities.Schedule&gt;&gt; with type argument depending on &lt;dev.codex.cinestar.Schedule.Domain.Entities.Schedule&gt; in (Movie.java:0)&#10;    - Method &lt;dev.codex.cinestar.Movie.Domain.Entities.Movie.setSchedules(java.util.List)&gt; has generic parameter type &lt;java.util.List&lt;dev.codex.cinestar.Schedule.Domain.Entities.Schedule&gt;&gt; with type argument depending on &lt;dev.codex.cinestar.Schedule.Domain.Entities.Schedule&gt; in (Movie.java:0)&#10;  2. Dependencies of Slice Schedule&#10;    - Constructor &lt;dev.codex.cinestar.Schedule.Application.Services.Impl.ScheduleServiceImpl.&lt;init&gt;(dev.codex.cinestar.Schedule.Infrastructure.ScheduleRepository, dev.codex.cinestar.Movie.Application.Services.MovieService, dev.codex.cinestar.Room.Application.Services.RoomService)&gt; has parameter of type &lt;dev.codex.cinestar.Movie.Application.Services.MovieService&gt; in (ScheduleServiceImpl.java:0)&#10;    - Constructor &lt;dev.codex.cinestar.Schedule.Domain.Entities.Schedule.&lt;init&gt;(dev.codex.cinestar.Movie.Domain.Entities.Movie, dev.codex.cinestar.Room.Domain.Entities.Room, dev.codex.cinestar.Schedule.Domain.ValueObjects.ScheduleStatus, java.util.Date, java.lang.String, java.lang.String, java.lang.Boolean)&gt; has parameter of type &lt;dev.codex.cinestar.Movie.Domain.Entities.Movie&gt; in (Schedule.java:0)&#10;    - Field &lt;dev.codex.cinestar.Schedule.Application.Services.Impl.ScheduleServiceImpl.movieService&gt; has type &lt;dev.codex.cinestar.Movie.Application.Services.MovieService&gt; in (ScheduleServiceImpl.java:0)&#10;    - Field &lt;dev.codex.cinestar.Schedule.Domain.Entities.Schedule.movie&gt; has type &lt;dev.codex.cinestar.Movie.Domain.Entities.Movie&gt; in (Schedule.java:0)&#10;    - Method &lt;dev.codex.cinestar.Schedule.Domain.Entities.Schedule.getMovie()&gt; has return type &lt;dev.codex.cinestar.Movie.Domain.Entities.Movie&gt; in (Schedule.java:0)&#10;    - Method &lt;dev.codex.cinestar.Schedule.Domain.Entities.Schedule.setMovie(dev.codex.cinestar.Movie.Domain.Entities.Movie)&gt; has parameter of type &lt;dev.codex.cinestar.Movie.Domain.Entities.Movie&gt; in (Schedule.java:0)&#10;- Cycle detected: Slice Room -&gt; &#10;                Slice Schedule -&gt; &#10;                Slice Room&#10;  1. Dependencies of Slice Room&#10;    - Field &lt;dev.codex.cinestar.Room.Domain.Entities.Room.schedule&gt; has generic type &lt;java.util.List&lt;dev.codex.cinestar.Schedule.Domain.Entities.Schedule&gt;&gt; with type argument depending on &lt;dev.codex.cinestar.Schedule.Domain.Entities.Schedule&gt; in (Room.java:0)&#10;    - Method &lt;dev.codex.cinestar.Room.Domain.Entities.Room.getSchedule()&gt; has generic return type &lt;java.util.List&lt;dev.codex.cinestar.Schedule.Domain.Entities.Schedule&gt;&gt; with type argument depending on &lt;dev.codex.cinestar.Schedule.Domain.Entities.Schedule&gt; in (Room.java:0)&#10;    - Method &lt;dev.codex.cinestar.Room.Domain.Entities.Room.setSchedule(java.util.List)&gt; has generic parameter type &lt;java.util.List&lt;dev.codex.cinestar.Schedule.Domain.Entities.Schedule&gt;&gt; with type argument depending on &lt;dev.codex.cinestar.Schedule.Domain.Entities.Schedule&gt; in (Room.java:0)&#10;  2. Dependencies of Slice Schedule&#10;    - Constructor &lt;dev.codex.cinestar.Schedule.Application.Services.Impl.ScheduleServiceImpl.&lt;init&gt;(dev.codex.cinestar.Schedule.Infrastructure.ScheduleRepository, dev.codex.cinestar.Movie.Application.Services.MovieService, dev.codex.cinestar.Room.Application.Services.RoomService)&gt; has parameter of type &lt;dev.codex.cinestar.Room.Application.Services.RoomService&gt; in (ScheduleServiceImpl.java:0)&#10;    - Constructor &lt;dev.codex.cinestar.Schedule.Domain.Entities.Schedule.&lt;init&gt;(dev.codex.cinestar.Movie.Domain.Entities.Movie, dev.codex.cinestar.Room.Domain.Entities.Room, dev.codex.cinestar.Schedule.Domain.ValueObjects.ScheduleStatus, java.util.Date, java.lang.String, java.lang.String, java.lang.Boolean)&gt; has parameter of type &lt;dev.codex.cinestar.Room.Domain.Entities.Room&gt; in (Schedule.java:0)&#10;    - Field &lt;dev.codex.cinestar.Schedule.Application.Services.Impl.ScheduleServiceImpl.roomService&gt; has type &lt;dev.codex.cinestar.Room.Application.Services.RoomService&gt; in (ScheduleServiceImpl.java:0)&#10;    - Field &lt;dev.codex.cinestar.Schedule.Domain.Entities.Schedule.room&gt; has type &lt;dev.codex.cinestar.Room.Domain.Entities.Room&gt; in (Schedule.java:0)&#10;    - Method &lt;dev.codex.cinestar.Schedule.Domain.Entities.Schedule.getRoom()&gt; has return type &lt;dev.codex.cinestar.Room.Domain.Entities.Room&gt; in (Schedule.java:0)&#10;    - Method &lt;dev.codex.cinestar.Schedule.Domain.Entities.Schedule.setRoom(dev.codex.cinestar.Room.Domain.Entities.Room)&gt; has parameter of type &lt;dev.codex.cinestar.Room.Domain.Entities.Room&gt; in (Schedule.java:0)&#10;- Module &apos;Movie&apos; depends on non-exposed type dev.codex.cinestar.Schedule.Domain.Entities.Schedule within module &apos;Schedule&apos;!&#10;Field &lt;dev.codex.cinestar.Movie.Domain.Entities.Movie.schedules&gt; has generic type &lt;java.util.List&lt;dev.codex.cinestar.Schedule.Domain.Entities.Schedule&gt;&gt; with type argument depending on &lt;dev.codex.cinestar.Schedule.Domain.Entities.Schedule&gt; in (Movie.java:0)&#10;- Module &apos;Movie&apos; depends on non-exposed type dev.codex.cinestar.Schedule.Domain.Entities.Schedule within module &apos;Schedule&apos;!&#10;Method &lt;dev.codex.cinestar.Movie.Domain.Entities.Movie.getSchedules()&gt; has generic return type &lt;java.util.List&lt;dev.codex.cinestar.Schedule.Domain.Entities.Schedule&gt;&gt; with type argument depending on &lt;dev.codex.cinestar.Schedule.Domain.Entities.Schedule&gt; in (Movie.java:0)&#10;- Module &apos;Movie&apos; depends on non-exposed type dev.codex.cinestar.Schedule.Domain.Entities.Schedule within module &apos;Schedule&apos;!&#10;Method &lt;dev.codex.cinestar.Movie.Domain.Entities.Movie.setSchedules(java.util.List)&gt; has generic parameter type &lt;java.util.List&lt;dev.codex.cinestar.Schedule.Domain.Entities.Schedule&gt;&gt; with type argument depending on &lt;dev.codex.cinestar.Schedule.Domain.Entities.Schedule&gt; in (Movie.java:0)&#10;- Module &apos;Schedule&apos; depends on non-exposed type dev.codex.cinestar.Movie.Application.Services.MovieService within module &apos;Movie&apos;!&#10;ScheduleServiceImpl declares constructor ScheduleServiceImpl(ScheduleRepository, MovieService, RoomService) in (ScheduleServiceImpl.java:0)&#10;- Module &apos;Schedule&apos; depends on non-exposed type dev.codex.cinestar.Room.Application.Services.RoomService within module &apos;Room&apos;!&#10;ScheduleServiceImpl declares constructor ScheduleServiceImpl(ScheduleRepository, MovieService, RoomService) in (ScheduleServiceImpl.java:0)&#10;- Module &apos;Schedule&apos; depends on non-exposed type dev.codex.cinestar.Room.Application.Services.RoomService within module &apos;Room&apos;!&#10;Field &lt;dev.codex.cinestar.Schedule.Application.Services.Impl.ScheduleServiceImpl.roomService&gt; has type &lt;dev.codex.cinestar.Room.Application.Services.RoomService&gt; in (ScheduleServiceImpl.java:0)&#10;- Module &apos;Schedule&apos; depends on non-exposed type dev.codex.cinestar.Movie.Application.Services.MovieService within module &apos;Movie&apos;!&#10;Field &lt;dev.codex.cinestar.Schedule.Application.Services.Impl.ScheduleServiceImpl.movieService&gt; has type &lt;dev.codex.cinestar.Movie.Application.Services.MovieService&gt; in (ScheduleServiceImpl.java:0)&#10;- Module &apos;Schedule&apos; depends on non-exposed type dev.codex.cinestar.Movie.Application.Services.MovieService within module &apos;Movie&apos;!&#10;Constructor &lt;dev.codex.cinestar.Schedule.Application.Services.Impl.ScheduleServiceImpl.&lt;init&gt;(dev.codex.cinestar.Schedule.Infrastructure.ScheduleRepository, dev.codex.cinestar.Movie.Application.Services.MovieService, dev.codex.cinestar.Room.Application.Services.RoomService)&gt; has parameter of type &lt;dev.codex.cinestar.Movie.Application.Services.MovieService&gt; in (ScheduleServiceImpl.java:0)&#10;- Module &apos;Schedule&apos; depends on non-exposed type dev.codex.cinestar.Room.Application.Services.RoomService within module &apos;Room&apos;!&#10;Constructor &lt;dev.codex.cinestar.Schedule.Application.Services.Impl.ScheduleServiceImpl.&lt;init&gt;(dev.codex.cinestar.Schedule.Infrastructure.ScheduleRepository, dev.codex.cinestar.Movie.Application.Services.MovieService, dev.codex.cinestar.Room.Application.Services.RoomService)&gt; has parameter of type &lt;dev.codex.cinestar.Room.Application.Services.RoomService&gt; in (ScheduleServiceImpl.java:0)&#10;- Module &apos;Schedule&apos; depends on non-exposed type dev.codex.cinestar.Room.Domain.Entities.Room within module &apos;Room&apos;!&#10;Room declares parameter Room.setRoom(Room) in (Schedule.java:0)&#10;- Module &apos;Schedule&apos; depends on non-exposed type dev.codex.cinestar.Movie.Domain.Entities.Movie within module &apos;Movie&apos;!&#10;Movie declares parameter Movie.setMovie(Movie) in (Schedule.java:0)&#10;- Module &apos;Schedule&apos; depends on non-exposed type dev.codex.cinestar.Movie.Domain.Entities.Movie within module &apos;Movie&apos;!&#10;Movie declares return type Movie.getMovie() in (Schedule.java:0)&#10;- Module &apos;Schedule&apos; depends on non-exposed type dev.codex.cinestar.Room.Domain.Entities.Room within module &apos;Room&apos;!&#10;Room declares return type Room.getRoom() in (Schedule.java:0)&#10;- Module &apos;Schedule&apos; depends on non-exposed type dev.codex.cinestar.Movie.Domain.Entities.Movie within module &apos;Movie&apos;!&#10;Field &lt;dev.codex.cinestar.Schedule.Domain.Entities.Schedule.movie&gt; has type &lt;dev.codex.cinestar.Movie.Domain.Entities.Movie&gt; in (Schedule.java:0)&#10;- Module &apos;Schedule&apos; depends on non-exposed type dev.codex.cinestar.Room.Domain.Entities.Room within module &apos;Room&apos;!&#10;Field &lt;dev.codex.cinestar.Schedule.Domain.Entities.Schedule.room&gt; has type &lt;dev.codex.cinestar.Room.Domain.Entities.Room&gt; in (Schedule.java:0)&#10;- Module &apos;Schedule&apos; depends on non-exposed type dev.codex.cinestar.Movie.Domain.Entities.Movie within module &apos;Movie&apos;!&#10;Method &lt;dev.codex.cinestar.Schedule.Domain.Entities.Schedule.getMovie()&gt; has return type &lt;dev.codex.cinestar.Movie.Domain.Entities.Movie&gt; in (Schedule.java:0)&#10;- Module &apos;Schedule&apos; depends on non-exposed type dev.codex.cinestar.Room.Domain.Entities.Room within module &apos;Room&apos;!&#10;Method &lt;dev.codex.cinestar.Schedule.Domain.Entities.Schedule.getRoom()&gt; has return type &lt;dev.codex.cinestar.Room.Domain.Entities.Room&gt; in (Schedule.java:0)&#10;- Module &apos;Schedule&apos; depends on non-exposed type dev.codex.cinestar.Room.Domain.Entities.Room within module &apos;Room&apos;!&#10;Method &lt;dev.codex.cinestar.Schedule.Domain.Entities.Schedule.setRoom(dev.codex.cinestar.Room.Domain.Entities.Room)&gt; has parameter of type &lt;dev.codex.cinestar.Room.Domain.Entities.Room&gt; in (Schedule.java:0)&#10;- Module &apos;Schedule&apos; depends on non-exposed type dev.codex.cinestar.Movie.Domain.Entities.Movie within module &apos;Movie&apos;!&#10;Method &lt;dev.codex.cinestar.Schedule.Domain.Entities.Schedule.setMovie(dev.codex.cinestar.Movie.Domain.Entities.Movie)&gt; has parameter of type &lt;dev.codex.cinestar.Movie.Domain.Entities.Movie&gt; in (Schedule.java:0)&#10;- Module &apos;Schedule&apos; depends on non-exposed type dev.codex.cinestar.Movie.Domain.Entities.Movie within module &apos;Movie&apos;!&#10;Constructor &lt;dev.codex.cinestar.Schedule.Domain.Entities.Schedule.&lt;init&gt;(dev.codex.cinestar.Movie.Domain.Entities.Movie, dev.codex.cinestar.Room.Domain.Entities.Room, dev.codex.cinestar.Schedule.Domain.ValueObjects.ScheduleStatus, java.util.Date, java.lang.String, java.lang.String, java.lang.Boolean)&gt; has parameter of type &lt;dev.codex.cinestar.Movie.Domain.Entities.Movie&gt; in (Schedule.java:0)&#10;- Module &apos;Schedule&apos; depends on non-exposed type dev.codex.cinestar.Room.Domain.Entities.Room within module &apos;Room&apos;!&#10;Constructor &lt;dev.codex.cinestar.Schedule.Domain.Entities.Schedule.&lt;init&gt;(dev.codex.cinestar.Movie.Domain.Entities.Movie, dev.codex.cinestar.Room.Domain.Entities.Room, dev.codex.cinestar.Schedule.Domain.ValueObjects.ScheduleStatus, java.util.Date, java.lang.String, java.lang.String, java.lang.Boolean)&gt; has parameter of type &lt;dev.codex.cinestar.Room.Domain.Entities.Room&gt; in (Schedule.java:0)&#10;- Module &apos;Booking&apos; depends on non-exposed type dev.codex.cinestar.Schedule.Domain.Entities.Schedule within module &apos;Schedule&apos;!&#10;Schedule declares parameter Schedule.setSchedule(Schedule) in (Booking.java:0)&#10;- Module &apos;Booking&apos; depends on non-exposed type dev.codex.cinestar.User.Domain.Entities.User within module &apos;User&apos;!&#10;User declares parameter User.setMember(User) in (Booking.java:0)&#10;- Module &apos;Booking&apos; depends on non-exposed type dev.codex.cinestar.User.Domain.Entities.User within module &apos;User&apos;!&#10;User declares return type User.getMember() in (Booking.java:0)&#10;- Module &apos;Booking&apos; depends on non-exposed type dev.codex.cinestar.Schedule.Domain.Entities.Schedule within module &apos;Schedule&apos;!&#10;Schedule declares return type Schedule.getSchedule() in (Booking.java:0)&#10;- Module &apos;Booking&apos; depends on non-exposed type dev.codex.cinestar.User.Domain.Entities.User within module &apos;User&apos;!&#10;Field &lt;dev.codex.cinestar.Booking.Domain.Entities.Booking.member&gt; has type &lt;dev.codex.cinestar.User.Domain.Entities.User&gt; in (Booking.java:0)&#10;- Module &apos;Booking&apos; depends on non-exposed type dev.codex.cinestar.Schedule.Domain.Entities.Schedule within module &apos;Schedule&apos;!&#10;Field &lt;dev.codex.cinestar.Booking.Domain.Entities.Booking.schedule&gt; has type &lt;dev.codex.cinestar.Schedule.Domain.Entities.Schedule&gt; in (Booking.java:0)&#10;- Module &apos;Booking&apos; depends on non-exposed type dev.codex.cinestar.User.Domain.Entities.User within module &apos;User&apos;!&#10;Method &lt;dev.codex.cinestar.Booking.Domain.Entities.Booking.getMember()&gt; has return type &lt;dev.codex.cinestar.User.Domain.Entities.User&gt; in (Booking.java:0)&#10;- Module &apos;Booking&apos; depends on non-exposed type dev.codex.cinestar.Schedule.Domain.Entities.Schedule within module &apos;Schedule&apos;!&#10;Method &lt;dev.codex.cinestar.Booking.Domain.Entities.Booking.getSchedule()&gt; has return type &lt;dev.codex.cinestar.Schedule.Domain.Entities.Schedule&gt; in (Booking.java:0)&#10;- Module &apos;Booking&apos; depends on non-exposed type dev.codex.cinestar.Schedule.Domain.Entities.Schedule within module &apos;Schedule&apos;!&#10;Method &lt;dev.codex.cinestar.Booking.Domain.Entities.Booking.setSchedule(dev.codex.cinestar.Schedule.Domain.Entities.Schedule)&gt; has parameter of type &lt;dev.codex.cinestar.Schedule.Domain.Entities.Schedule&gt; in (Booking.java:0)&#10;- Module &apos;Booking&apos; depends on non-exposed type dev.codex.cinestar.User.Domain.Entities.User within module &apos;User&apos;!&#10;Method &lt;dev.codex.cinestar.Booking.Domain.Entities.Booking.setMember(dev.codex.cinestar.User.Domain.Entities.User)&gt; has parameter of type &lt;dev.codex.cinestar.User.Domain.Entities.User&gt; in (Booking.java:0)&#10;- Module &apos;Booking&apos; depends on non-exposed type dev.codex.cinestar.Room.Domain.Entities.Zone within module &apos;Room&apos;!&#10;Zone declares parameter Zone(Long, Long, Zone) in (Seat.java:0)&#10;- Module &apos;Booking&apos; depends on non-exposed type dev.codex.cinestar.Room.Domain.Entities.Zone within module &apos;Room&apos;!&#10;Zone declares return type Zone.zone() in (Seat.java:0)&#10;- Module &apos;Booking&apos; depends on non-exposed type dev.codex.cinestar.Room.Domain.Entities.Zone within module &apos;Room&apos;!&#10;Field &lt;dev.codex.cinestar.Booking.Domain.Entities.Seat.zone&gt; has type &lt;dev.codex.cinestar.Room.Domain.Entities.Zone&gt; in (Seat.java:0)&#10;- Module &apos;Booking&apos; depends on non-exposed type dev.codex.cinestar.Room.Domain.Entities.Zone within module &apos;Room&apos;!&#10;Method &lt;dev.codex.cinestar.Booking.Domain.Entities.Seat.zone()&gt; has return type &lt;dev.codex.cinestar.Room.Domain.Entities.Zone&gt; in (Seat.java:0)&#10;- Module &apos;Booking&apos; depends on non-exposed type dev.codex.cinestar.Room.Domain.Entities.Zone within module &apos;Room&apos;!&#10;Constructor &lt;dev.codex.cinestar.Booking.Domain.Entities.Seat.&lt;init&gt;(java.lang.Long, java.lang.Long, dev.codex.cinestar.Room.Domain.Entities.Zone)&gt; has parameter of type &lt;dev.codex.cinestar.Room.Domain.Entities.Zone&gt; in (Seat.java:0)&#10;- Module &apos;Room&apos; depends on non-exposed type dev.codex.cinestar.Schedule.Domain.Entities.Schedule within module &apos;Schedule&apos;!&#10;Field &lt;dev.codex.cinestar.Room.Domain.Entities.Room.schedule&gt; has generic type &lt;java.util.List&lt;dev.codex.cinestar.Schedule.Domain.Entities.Schedule&gt;&gt; with type argument depending on &lt;dev.codex.cinestar.Schedule.Domain.Entities.Schedule&gt; in (Room.java:0)&#10;- Module &apos;Room&apos; depends on non-exposed type dev.codex.cinestar.Schedule.Domain.Entities.Schedule within module &apos;Schedule&apos;!&#10;Method &lt;dev.codex.cinestar.Room.Domain.Entities.Room.getSchedule()&gt; has generic return type &lt;java.util.List&lt;dev.codex.cinestar.Schedule.Domain.Entities.Schedule&gt;&gt; with type argument depending on &lt;dev.codex.cinestar.Schedule.Domain.Entities.Schedule&gt; in (Room.java:0)&#10;- Module &apos;Room&apos; depends on non-exposed type dev.codex.cinestar.Schedule.Domain.Entities.Schedule within module &apos;Schedule&apos;!&#10;Method &lt;dev.codex.cinestar.Room.Domain.Entities.Room.setSchedule(java.util.List)&gt; has generic parameter type &lt;java.util.List&lt;dev.codex.cinestar.Schedule.Domain.Entities.Schedule&gt;&gt; with type argument depending on &lt;dev.codex.cinestar.Schedule.Domain.Entities.Schedule&gt; in (Room.java:0)" type="org.springframework.modulith.core.Violations"><![CDATA[org.springframework.modulith.core.Violations: 
- Cycle detected: Slice Movie -> 
                Slice Schedule -> 
                Slice Movie
  1. Dependencies of Slice Movie
    - Field <dev.codex.cinestar.Movie.Domain.Entities.Movie.schedules> has generic type <java.util.List<dev.codex.cinestar.Schedule.Domain.Entities.Schedule>> with type argument depending on <dev.codex.cinestar.Schedule.Domain.Entities.Schedule> in (Movie.java:0)
    - Method <dev.codex.cinestar.Movie.Domain.Entities.Movie.getSchedules()> has generic return type <java.util.List<dev.codex.cinestar.Schedule.Domain.Entities.Schedule>> with type argument depending on <dev.codex.cinestar.Schedule.Domain.Entities.Schedule> in (Movie.java:0)
    - Method <dev.codex.cinestar.Movie.Domain.Entities.Movie.setSchedules(java.util.List)> has generic parameter type <java.util.List<dev.codex.cinestar.Schedule.Domain.Entities.Schedule>> with type argument depending on <dev.codex.cinestar.Schedule.Domain.Entities.Schedule> in (Movie.java:0)
  2. Dependencies of Slice Schedule
    - Constructor <dev.codex.cinestar.Schedule.Application.Services.Impl.ScheduleServiceImpl.<init>(dev.codex.cinestar.Schedule.Infrastructure.ScheduleRepository, dev.codex.cinestar.Movie.Application.Services.MovieService, dev.codex.cinestar.Room.Application.Services.RoomService)> has parameter of type <dev.codex.cinestar.Movie.Application.Services.MovieService> in (ScheduleServiceImpl.java:0)
    - Constructor <dev.codex.cinestar.Schedule.Domain.Entities.Schedule.<init>(dev.codex.cinestar.Movie.Domain.Entities.Movie, dev.codex.cinestar.Room.Domain.Entities.Room, dev.codex.cinestar.Schedule.Domain.ValueObjects.ScheduleStatus, java.util.Date, java.lang.String, java.lang.String, java.lang.Boolean)> has parameter of type <dev.codex.cinestar.Movie.Domain.Entities.Movie> in (Schedule.java:0)
    - Field <dev.codex.cinestar.Schedule.Application.Services.Impl.ScheduleServiceImpl.movieService> has type <dev.codex.cinestar.Movie.Application.Services.MovieService> in (ScheduleServiceImpl.java:0)
    - Field <dev.codex.cinestar.Schedule.Domain.Entities.Schedule.movie> has type <dev.codex.cinestar.Movie.Domain.Entities.Movie> in (Schedule.java:0)
    - Method <dev.codex.cinestar.Schedule.Domain.Entities.Schedule.getMovie()> has return type <dev.codex.cinestar.Movie.Domain.Entities.Movie> in (Schedule.java:0)
    - Method <dev.codex.cinestar.Schedule.Domain.Entities.Schedule.setMovie(dev.codex.cinestar.Movie.Domain.Entities.Movie)> has parameter of type <dev.codex.cinestar.Movie.Domain.Entities.Movie> in (Schedule.java:0)
- Cycle detected: Slice Room -> 
                Slice Schedule -> 
                Slice Room
  1. Dependencies of Slice Room
    - Field <dev.codex.cinestar.Room.Domain.Entities.Room.schedule> has generic type <java.util.List<dev.codex.cinestar.Schedule.Domain.Entities.Schedule>> with type argument depending on <dev.codex.cinestar.Schedule.Domain.Entities.Schedule> in (Room.java:0)
    - Method <dev.codex.cinestar.Room.Domain.Entities.Room.getSchedule()> has generic return type <java.util.List<dev.codex.cinestar.Schedule.Domain.Entities.Schedule>> with type argument depending on <dev.codex.cinestar.Schedule.Domain.Entities.Schedule> in (Room.java:0)
    - Method <dev.codex.cinestar.Room.Domain.Entities.Room.setSchedule(java.util.List)> has generic parameter type <java.util.List<dev.codex.cinestar.Schedule.Domain.Entities.Schedule>> with type argument depending on <dev.codex.cinestar.Schedule.Domain.Entities.Schedule> in (Room.java:0)
  2. Dependencies of Slice Schedule
    - Constructor <dev.codex.cinestar.Schedule.Application.Services.Impl.ScheduleServiceImpl.<init>(dev.codex.cinestar.Schedule.Infrastructure.ScheduleRepository, dev.codex.cinestar.Movie.Application.Services.MovieService, dev.codex.cinestar.Room.Application.Services.RoomService)> has parameter of type <dev.codex.cinestar.Room.Application.Services.RoomService> in (ScheduleServiceImpl.java:0)
    - Constructor <dev.codex.cinestar.Schedule.Domain.Entities.Schedule.<init>(dev.codex.cinestar.Movie.Domain.Entities.Movie, dev.codex.cinestar.Room.Domain.Entities.Room, dev.codex.cinestar.Schedule.Domain.ValueObjects.ScheduleStatus, java.util.Date, java.lang.String, java.lang.String, java.lang.Boolean)> has parameter of type <dev.codex.cinestar.Room.Domain.Entities.Room> in (Schedule.java:0)
    - Field <dev.codex.cinestar.Schedule.Application.Services.Impl.ScheduleServiceImpl.roomService> has type <dev.codex.cinestar.Room.Application.Services.RoomService> in (ScheduleServiceImpl.java:0)
    - Field <dev.codex.cinestar.Schedule.Domain.Entities.Schedule.room> has type <dev.codex.cinestar.Room.Domain.Entities.Room> in (Schedule.java:0)
    - Method <dev.codex.cinestar.Schedule.Domain.Entities.Schedule.getRoom()> has return type <dev.codex.cinestar.Room.Domain.Entities.Room> in (Schedule.java:0)
    - Method <dev.codex.cinestar.Schedule.Domain.Entities.Schedule.setRoom(dev.codex.cinestar.Room.Domain.Entities.Room)> has parameter of type <dev.codex.cinestar.Room.Domain.Entities.Room> in (Schedule.java:0)
- Module 'Movie' depends on non-exposed type dev.codex.cinestar.Schedule.Domain.Entities.Schedule within module 'Schedule'!
Field <dev.codex.cinestar.Movie.Domain.Entities.Movie.schedules> has generic type <java.util.List<dev.codex.cinestar.Schedule.Domain.Entities.Schedule>> with type argument depending on <dev.codex.cinestar.Schedule.Domain.Entities.Schedule> in (Movie.java:0)
- Module 'Movie' depends on non-exposed type dev.codex.cinestar.Schedule.Domain.Entities.Schedule within module 'Schedule'!
Method <dev.codex.cinestar.Movie.Domain.Entities.Movie.getSchedules()> has generic return type <java.util.List<dev.codex.cinestar.Schedule.Domain.Entities.Schedule>> with type argument depending on <dev.codex.cinestar.Schedule.Domain.Entities.Schedule> in (Movie.java:0)
- Module 'Movie' depends on non-exposed type dev.codex.cinestar.Schedule.Domain.Entities.Schedule within module 'Schedule'!
Method <dev.codex.cinestar.Movie.Domain.Entities.Movie.setSchedules(java.util.List)> has generic parameter type <java.util.List<dev.codex.cinestar.Schedule.Domain.Entities.Schedule>> with type argument depending on <dev.codex.cinestar.Schedule.Domain.Entities.Schedule> in (Movie.java:0)
- Module 'Schedule' depends on non-exposed type dev.codex.cinestar.Movie.Application.Services.MovieService within module 'Movie'!
ScheduleServiceImpl declares constructor ScheduleServiceImpl(ScheduleRepository, MovieService, RoomService) in (ScheduleServiceImpl.java:0)
- Module 'Schedule' depends on non-exposed type dev.codex.cinestar.Room.Application.Services.RoomService within module 'Room'!
ScheduleServiceImpl declares constructor ScheduleServiceImpl(ScheduleRepository, MovieService, RoomService) in (ScheduleServiceImpl.java:0)
- Module 'Schedule' depends on non-exposed type dev.codex.cinestar.Room.Application.Services.RoomService within module 'Room'!
Field <dev.codex.cinestar.Schedule.Application.Services.Impl.ScheduleServiceImpl.roomService> has type <dev.codex.cinestar.Room.Application.Services.RoomService> in (ScheduleServiceImpl.java:0)
- Module 'Schedule' depends on non-exposed type dev.codex.cinestar.Movie.Application.Services.MovieService within module 'Movie'!
Field <dev.codex.cinestar.Schedule.Application.Services.Impl.ScheduleServiceImpl.movieService> has type <dev.codex.cinestar.Movie.Application.Services.MovieService> in (ScheduleServiceImpl.java:0)
- Module 'Schedule' depends on non-exposed type dev.codex.cinestar.Movie.Application.Services.MovieService within module 'Movie'!
Constructor <dev.codex.cinestar.Schedule.Application.Services.Impl.ScheduleServiceImpl.<init>(dev.codex.cinestar.Schedule.Infrastructure.ScheduleRepository, dev.codex.cinestar.Movie.Application.Services.MovieService, dev.codex.cinestar.Room.Application.Services.RoomService)> has parameter of type <dev.codex.cinestar.Movie.Application.Services.MovieService> in (ScheduleServiceImpl.java:0)
- Module 'Schedule' depends on non-exposed type dev.codex.cinestar.Room.Application.Services.RoomService within module 'Room'!
Constructor <dev.codex.cinestar.Schedule.Application.Services.Impl.ScheduleServiceImpl.<init>(dev.codex.cinestar.Schedule.Infrastructure.ScheduleRepository, dev.codex.cinestar.Movie.Application.Services.MovieService, dev.codex.cinestar.Room.Application.Services.RoomService)> has parameter of type <dev.codex.cinestar.Room.Application.Services.RoomService> in (ScheduleServiceImpl.java:0)
- Module 'Schedule' depends on non-exposed type dev.codex.cinestar.Room.Domain.Entities.Room within module 'Room'!
Room declares parameter Room.setRoom(Room) in (Schedule.java:0)
- Module 'Schedule' depends on non-exposed type dev.codex.cinestar.Movie.Domain.Entities.Movie within module 'Movie'!
Movie declares parameter Movie.setMovie(Movie) in (Schedule.java:0)
- Module 'Schedule' depends on non-exposed type dev.codex.cinestar.Movie.Domain.Entities.Movie within module 'Movie'!
Movie declares return type Movie.getMovie() in (Schedule.java:0)
- Module 'Schedule' depends on non-exposed type dev.codex.cinestar.Room.Domain.Entities.Room within module 'Room'!
Room declares return type Room.getRoom() in (Schedule.java:0)
- Module 'Schedule' depends on non-exposed type dev.codex.cinestar.Movie.Domain.Entities.Movie within module 'Movie'!
Field <dev.codex.cinestar.Schedule.Domain.Entities.Schedule.movie> has type <dev.codex.cinestar.Movie.Domain.Entities.Movie> in (Schedule.java:0)
- Module 'Schedule' depends on non-exposed type dev.codex.cinestar.Room.Domain.Entities.Room within module 'Room'!
Field <dev.codex.cinestar.Schedule.Domain.Entities.Schedule.room> has type <dev.codex.cinestar.Room.Domain.Entities.Room> in (Schedule.java:0)
- Module 'Schedule' depends on non-exposed type dev.codex.cinestar.Movie.Domain.Entities.Movie within module 'Movie'!
Method <dev.codex.cinestar.Schedule.Domain.Entities.Schedule.getMovie()> has return type <dev.codex.cinestar.Movie.Domain.Entities.Movie> in (Schedule.java:0)
- Module 'Schedule' depends on non-exposed type dev.codex.cinestar.Room.Domain.Entities.Room within module 'Room'!
Method <dev.codex.cinestar.Schedule.Domain.Entities.Schedule.getRoom()> has return type <dev.codex.cinestar.Room.Domain.Entities.Room> in (Schedule.java:0)
- Module 'Schedule' depends on non-exposed type dev.codex.cinestar.Room.Domain.Entities.Room within module 'Room'!
Method <dev.codex.cinestar.Schedule.Domain.Entities.Schedule.setRoom(dev.codex.cinestar.Room.Domain.Entities.Room)> has parameter of type <dev.codex.cinestar.Room.Domain.Entities.Room> in (Schedule.java:0)
- Module 'Schedule' depends on non-exposed type dev.codex.cinestar.Movie.Domain.Entities.Movie within module 'Movie'!
Method <dev.codex.cinestar.Schedule.Domain.Entities.Schedule.setMovie(dev.codex.cinestar.Movie.Domain.Entities.Movie)> has parameter of type <dev.codex.cinestar.Movie.Domain.Entities.Movie> in (Schedule.java:0)
- Module 'Schedule' depends on non-exposed type dev.codex.cinestar.Movie.Domain.Entities.Movie within module 'Movie'!
Constructor <dev.codex.cinestar.Schedule.Domain.Entities.Schedule.<init>(dev.codex.cinestar.Movie.Domain.Entities.Movie, dev.codex.cinestar.Room.Domain.Entities.Room, dev.codex.cinestar.Schedule.Domain.ValueObjects.ScheduleStatus, java.util.Date, java.lang.String, java.lang.String, java.lang.Boolean)> has parameter of type <dev.codex.cinestar.Movie.Domain.Entities.Movie> in (Schedule.java:0)
- Module 'Schedule' depends on non-exposed type dev.codex.cinestar.Room.Domain.Entities.Room within module 'Room'!
Constructor <dev.codex.cinestar.Schedule.Domain.Entities.Schedule.<init>(dev.codex.cinestar.Movie.Domain.Entities.Movie, dev.codex.cinestar.Room.Domain.Entities.Room, dev.codex.cinestar.Schedule.Domain.ValueObjects.ScheduleStatus, java.util.Date, java.lang.String, java.lang.String, java.lang.Boolean)> has parameter of type <dev.codex.cinestar.Room.Domain.Entities.Room> in (Schedule.java:0)
- Module 'Booking' depends on non-exposed type dev.codex.cinestar.Schedule.Domain.Entities.Schedule within module 'Schedule'!
Schedule declares parameter Schedule.setSchedule(Schedule) in (Booking.java:0)
- Module 'Booking' depends on non-exposed type dev.codex.cinestar.User.Domain.Entities.User within module 'User'!
User declares parameter User.setMember(User) in (Booking.java:0)
- Module 'Booking' depends on non-exposed type dev.codex.cinestar.User.Domain.Entities.User within module 'User'!
User declares return type User.getMember() in (Booking.java:0)
- Module 'Booking' depends on non-exposed type dev.codex.cinestar.Schedule.Domain.Entities.Schedule within module 'Schedule'!
Schedule declares return type Schedule.getSchedule() in (Booking.java:0)
- Module 'Booking' depends on non-exposed type dev.codex.cinestar.User.Domain.Entities.User within module 'User'!
Field <dev.codex.cinestar.Booking.Domain.Entities.Booking.member> has type <dev.codex.cinestar.User.Domain.Entities.User> in (Booking.java:0)
- Module 'Booking' depends on non-exposed type dev.codex.cinestar.Schedule.Domain.Entities.Schedule within module 'Schedule'!
Field <dev.codex.cinestar.Booking.Domain.Entities.Booking.schedule> has type <dev.codex.cinestar.Schedule.Domain.Entities.Schedule> in (Booking.java:0)
- Module 'Booking' depends on non-exposed type dev.codex.cinestar.User.Domain.Entities.User within module 'User'!
Method <dev.codex.cinestar.Booking.Domain.Entities.Booking.getMember()> has return type <dev.codex.cinestar.User.Domain.Entities.User> in (Booking.java:0)
- Module 'Booking' depends on non-exposed type dev.codex.cinestar.Schedule.Domain.Entities.Schedule within module 'Schedule'!
Method <dev.codex.cinestar.Booking.Domain.Entities.Booking.getSchedule()> has return type <dev.codex.cinestar.Schedule.Domain.Entities.Schedule> in (Booking.java:0)
- Module 'Booking' depends on non-exposed type dev.codex.cinestar.Schedule.Domain.Entities.Schedule within module 'Schedule'!
Method <dev.codex.cinestar.Booking.Domain.Entities.Booking.setSchedule(dev.codex.cinestar.Schedule.Domain.Entities.Schedule)> has parameter of type <dev.codex.cinestar.Schedule.Domain.Entities.Schedule> in (Booking.java:0)
- Module 'Booking' depends on non-exposed type dev.codex.cinestar.User.Domain.Entities.User within module 'User'!
Method <dev.codex.cinestar.Booking.Domain.Entities.Booking.setMember(dev.codex.cinestar.User.Domain.Entities.User)> has parameter of type <dev.codex.cinestar.User.Domain.Entities.User> in (Booking.java:0)
- Module 'Booking' depends on non-exposed type dev.codex.cinestar.Room.Domain.Entities.Zone within module 'Room'!
Zone declares parameter Zone(Long, Long, Zone) in (Seat.java:0)
- Module 'Booking' depends on non-exposed type dev.codex.cinestar.Room.Domain.Entities.Zone within module 'Room'!
Zone declares return type Zone.zone() in (Seat.java:0)
- Module 'Booking' depends on non-exposed type dev.codex.cinestar.Room.Domain.Entities.Zone within module 'Room'!
Field <dev.codex.cinestar.Booking.Domain.Entities.Seat.zone> has type <dev.codex.cinestar.Room.Domain.Entities.Zone> in (Seat.java:0)
- Module 'Booking' depends on non-exposed type dev.codex.cinestar.Room.Domain.Entities.Zone within module 'Room'!
Method <dev.codex.cinestar.Booking.Domain.Entities.Seat.zone()> has return type <dev.codex.cinestar.Room.Domain.Entities.Zone> in (Seat.java:0)
- Module 'Booking' depends on non-exposed type dev.codex.cinestar.Room.Domain.Entities.Zone within module 'Room'!
Constructor <dev.codex.cinestar.Booking.Domain.Entities.Seat.<init>(java.lang.Long, java.lang.Long, dev.codex.cinestar.Room.Domain.Entities.Zone)> has parameter of type <dev.codex.cinestar.Room.Domain.Entities.Zone> in (Seat.java:0)
- Module 'Room' depends on non-exposed type dev.codex.cinestar.Schedule.Domain.Entities.Schedule within module 'Schedule'!
Field <dev.codex.cinestar.Room.Domain.Entities.Room.schedule> has generic type <java.util.List<dev.codex.cinestar.Schedule.Domain.Entities.Schedule>> with type argument depending on <dev.codex.cinestar.Schedule.Domain.Entities.Schedule> in (Room.java:0)
- Module 'Room' depends on non-exposed type dev.codex.cinestar.Schedule.Domain.Entities.Schedule within module 'Schedule'!
Method <dev.codex.cinestar.Room.Domain.Entities.Room.getSchedule()> has generic return type <java.util.List<dev.codex.cinestar.Schedule.Domain.Entities.Schedule>> with type argument depending on <dev.codex.cinestar.Schedule.Domain.Entities.Schedule> in (Room.java:0)
- Module 'Room' depends on non-exposed type dev.codex.cinestar.Schedule.Domain.Entities.Schedule within module 'Schedule'!
Method <dev.codex.cinestar.Room.Domain.Entities.Room.setSchedule(java.util.List)> has generic parameter type <java.util.List<dev.codex.cinestar.Schedule.Domain.Entities.Schedule>> with type argument depending on <dev.codex.cinestar.Schedule.Domain.Entities.Schedule> in (Room.java:0)
	at org.springframework.modulith.core.Violations.and(Violations.java:144)
	at java.base/java.util.stream.ReduceOps$1ReducingSink.accept(ReduceOps.java:80)
	at java.base/java.util.stream.ReferencePipeline$3$1.accept(ReferencePipeline.java:197)
	at java.base/java.util.HashMap$ValueSpliterator.forEachRemaining(HashMap.java:1787)
	at java.base/java.util.stream.Streams$ConcatSpliterator.forEachRemaining(Streams.java:735)
	at java.base/java.util.stream.AbstractPipeline.copyInto(AbstractPipeline.java:509)
	at java.base/java.util.stream.AbstractPipeline.wrapAndCopyInto(AbstractPipeline.java:499)
	at java.base/java.util.stream.ReduceOps$ReduceOp.evaluateSequential(ReduceOps.java:921)
	at java.base/java.util.stream.AbstractPipeline.evaluate(AbstractPipeline.java:234)
	at java.base/java.util.stream.ReferencePipeline.reduce(ReferencePipeline.java:657)
	at org.springframework.modulith.core.ApplicationModules.detectViolations(ApplicationModules.java:460)
	at org.springframework.modulith.core.ApplicationModules.verify(ApplicationModules.java:425)
	at dev.codex.cinestar.ModularityTests.modulesShouldBeDefined(ModularityTests.java:15)
	at java.base/java.lang.reflect.Method.invoke(Method.java:580)
	at java.base/java.util.ArrayList.forEach(ArrayList.java:1596)
	at java.base/java.util.ArrayList.forEach(ArrayList.java:1596)
]]></error>
    <system-out><![CDATA[18:46:04.991 [main] INFO com.tngtech.archunit.core.PluginLoader -- Detected Java version 21.0.3
]]></system-out>
  </testcase>
</testsuite>